Determining if the pthread_create exist failed with the following output:
Change Dir: /home/debian/ros_imu/build/CMakeFiles/CMakeTmp

Run Build Command:/usr/bin/make "cmTryCompileExec1894578085/fast"
/usr/bin/make -f CMakeFiles/cmTryCompileExec1894578085.dir/build.make CMakeFiles/cmTryCompileExec1894578085.dir/build
make[1]: Entering directory `/home/debian/ros_imu/build/CMakeFiles/CMakeTmp'
/usr/bin/cmake -E cmake_progress_report /home/debian/ros_imu/build/CMakeFiles/CMakeTmp/CMakeFiles 1
Building C object CMakeFiles/cmTryCompileExec1894578085.dir/CheckSymbolExists.c.o
/usr/bin/gcc    -o CMakeFiles/cmTryCompileExec1894578085.dir/CheckSymbolExists.c.o   -c /home/debian/ros_imu/build/CMakeFiles/CMakeTmp/CheckSymbolExists.c
Linking C executable cmTryCompileExec1894578085
/usr/bin/cmake -E cmake_link_script CMakeFiles/cmTryCompileExec1894578085.dir/link.txt --verbose=1
/usr/bin/gcc         CMakeFiles/cmTryCompileExec1894578085.dir/CheckSymbolExists.c.o  -o cmTryCompileExec1894578085 -rdynamic 
CMakeFiles/cmTryCompileExec1894578085.dir/CheckSymbolExists.c.o: In function `main':
CheckSymbolExists.c:(.text+0x10): undefined reference to `pthread_create'
CheckSymbolExists.c:(.text+0x14): undefined reference to `pthread_create'
collect2: ld returned 1 exit status
make[1]: Leaving directory `/home/debian/ros_imu/build/CMakeFiles/CMakeTmp'
make[1]: *** [cmTryCompileExec1894578085] Error 1
make: *** [cmTryCompileExec1894578085/fast] Error 2

File /home/debian/ros_imu/build/CMakeFiles/CMakeTmp/CheckSymbolExists.c:
/* */
#include <pthread.h>

int main(int argc, char** argv)
{
  (void)argv;
#ifndef pthread_create
  return ((int*)(&pthread_create))[argc];
#else
  (void)argc;
  return 0;
#endif
}

Determining if the function pthread_create exists in the pthreads failed with the following output:
Change Dir: /home/debian/ros_imu/build/CMakeFiles/CMakeTmp

Run Build Command:/usr/bin/make "cmTryCompileExec2619960281/fast"
/usr/bin/make -f CMakeFiles/cmTryCompileExec2619960281.dir/build.make CMakeFiles/cmTryCompileExec2619960281.dir/build
make[1]: Entering directory `/home/debian/ros_imu/build/CMakeFiles/CMakeTmp'
make[1]: Warning: File `/usr/share/cmake-2.8/Modules/CheckFunctionExists.c' has modification time 4e+08 s in the future
/usr/bin/cmake -E cmake_progress_report /home/debian/ros_imu/build/CMakeFiles/CMakeTmp/CMakeFiles 1
Building C object CMakeFiles/cmTryCompileExec2619960281.dir/CheckFunctionExists.c.o
/usr/bin/gcc   -DCHECK_FUNCTION_EXISTS=pthread_create   -o CMakeFiles/cmTryCompileExec2619960281.dir/CheckFunctionExists.c.o   -c /usr/share/cmake-2.8/Modules/CheckFunctionExists.c
Linking C executable cmTryCompileExec2619960281
/usr/bin/cmake -E cmake_link_script CMakeFiles/cmTryCompileExec2619960281.dir/link.txt --verbose=1
/usr/bin/gcc     -DCHECK_FUNCTION_EXISTS=pthread_create    CMakeFiles/cmTryCompileExec2619960281.dir/CheckFunctionExists.c.o  -o cmTryCompileExec2619960281 -rdynamic -lpthreads 
/usr/bin/ld: cannot find -lpthreads
collect2: ld returned 1 exit status
make[1]: Leaving directory `/home/debian/ros_imu/build/CMakeFiles/CMakeTmp'
make[1]: *** [cmTryCompileExec2619960281] Error 1
make: *** [cmTryCompileExec2619960281/fast] Error 2


